[INFO] Error stacktraces are turned on.
[INFO] Scanning for projects...
[INFO] Computing target platform for MavenProject: org.gemoc.bcool.framework:org.gemoc.bcool.model:0.1.0-SNAPSHOT @ /home/ebousse/git/gemoc-gits/gemoc-studio-compilation/coordination/bcool/language/org.gemoc.bcool.model/pom.xml
[INFO] Adding repository http://timesquare.inria.fr/update_site
[INFO] Fetching p2.index from http://download.eclipse.org/releases/luna/
[INFO] Adding repository http://download.eclipse.org/releases/luna
[INFO] Fetching p2.index from http://download.eclipse.org/releases/luna/201406250900/
[INFO] Fetching p2.index from http://download.eclipse.org/releases/luna/201406250900/
[INFO] Fetching p2.index from http://download.eclipse.org/releases/luna/201409261001/
[INFO] Fetching p2.index from http://download.eclipse.org/releases/luna/201409261001/
[INFO] Fetching p2.index from http://download.eclipse.org/releases/luna/201501121000/
[INFO] Fetching p2.index from http://download.eclipse.org/releases/luna/201501121000/
[INFO] Fetching p2.index from http://download.eclipse.org/releases/luna/201502271000/
[INFO] Fetching p2.index from http://download.eclipse.org/releases/luna/201502271000/
[INFO] Fetching p2.index from http://download.eclipse.org/eclipse/updates/4.4/
[INFO] Adding repository http://download.eclipse.org/eclipse/updates/4.4
[INFO] Fetching p2.index from http://download.eclipse.org/modeling/tmf/xtext/updates/releases/2.8.4/
[INFO] Fetching p2.index from http://download.eclipse.org/modeling/tmf/xtext/updates/releases/2.8.4/
[INFO] Adding repository http://download.eclipse.org/modeling/tmf/xtext/updates/releases/2.8.4
[INFO] Adding repository http://download.eclipse.org/modeling/m2t/acceleo/updates/releases/3.2
[INFO] Adding repository http://timesquare.inria.fr/ecl/update_site/experimental
[INFO] Adding repository https://ci.inria.fr/diverse-commons/job/diverse-commons.eclipse.root/lastSuccessfulBuild/artifact/commons-eclipse/fr.inria.diverse.commons.eclipse.root/p2updatesite/target/repository
[INFO] Resolving dependencies of MavenProject: org.gemoc.bcool.framework:org.gemoc.bcool.model:0.1.0-SNAPSHOT @ /home/ebousse/git/gemoc-gits/gemoc-studio-compilation/coordination/bcool/language/org.gemoc.bcool.model/pom.xml
[INFO] {osgi.os=win32, osgi.ws=win32, org.eclipse.update.install.features=true, osgi.arch=x86}
[ERROR] Cannot resolve project dependencies:
[ERROR]   Software being installed: org.gemoc.bcool.model 0.1.0.qualifier
[ERROR]   Missing requirement: org.gemoc.bcool.model 0.1.0.qualifier requires 'bundle org.gemoc.gexpressions 0.0.0' but it could not be found
[ERROR] 
[ERROR] See http://wiki.eclipse.org/Tycho/Dependency_Resolution_Troubleshooting for help.
[ERROR] Cannot resolve dependencies of MavenProject: org.gemoc.bcool.framework:org.gemoc.bcool.model:0.1.0-SNAPSHOT @ /home/ebousse/git/gemoc-gits/gemoc-studio-compilation/coordination/bcool/language/org.gemoc.bcool.model/pom.xml: See log for details -> [Help 1]
org.apache.maven.MavenExecutionException: Cannot resolve dependencies of MavenProject: org.gemoc.bcool.framework:org.gemoc.bcool.model:0.1.0-SNAPSHOT @ /home/ebousse/git/gemoc-gits/gemoc-studio-compilation/coordination/bcool/language/org.gemoc.bcool.model/pom.xml
	at org.eclipse.tycho.core.maven.TychoMavenLifecycleParticipant.afterProjectsRead(TychoMavenLifecycleParticipant.java:100)
	at org.apache.maven.DefaultMaven.doExecute(DefaultMaven.java:266)
	at org.apache.maven.DefaultMaven.doExecute(DefaultMaven.java:193)
	at org.apache.maven.DefaultMaven.execute(DefaultMaven.java:106)
	at org.apache.maven.cli.MavenCli.execute(MavenCli.java:863)
	at org.apache.maven.cli.MavenCli.doMain(MavenCli.java:288)
	at org.apache.maven.cli.MavenCli.main(MavenCli.java:199)
	at sun.reflect.NativeMethodAccessorImpl.invoke0(Native Method)
	at sun.reflect.NativeMethodAccessorImpl.invoke(NativeMethodAccessorImpl.java:62)
	at sun.reflect.DelegatingMethodAccessorImpl.invoke(DelegatingMethodAccessorImpl.java:43)
	at java.lang.reflect.Method.invoke(Method.java:498)
	at org.codehaus.plexus.classworlds.launcher.Launcher.launchEnhanced(Launcher.java:289)
	at org.codehaus.plexus.classworlds.launcher.Launcher.launch(Launcher.java:229)
	at org.codehaus.plexus.classworlds.launcher.Launcher.mainWithExitCode(Launcher.java:415)
	at org.codehaus.plexus.classworlds.launcher.Launcher.main(Launcher.java:356)
Caused by: org.eclipse.tycho.artifacts.DependencyResolutionException: Cannot resolve dependencies of MavenProject: org.gemoc.bcool.framework:org.gemoc.bcool.model:0.1.0-SNAPSHOT @ /home/ebousse/git/gemoc-gits/gemoc-studio-compilation/coordination/bcool/language/org.gemoc.bcool.model/pom.xml
	at org.eclipse.tycho.p2.resolver.P2ResolverImpl.resolveDependencies(P2ResolverImpl.java:202)
	at org.eclipse.tycho.p2.resolver.P2ResolverImpl.resolveDependencies(P2ResolverImpl.java:116)
	at org.eclipse.tycho.p2.resolver.P2DependencyResolver.doResolveDependencies(P2DependencyResolver.java:367)
	at org.eclipse.tycho.p2.resolver.P2DependencyResolver.resolveDependencies(P2DependencyResolver.java:335)
	at org.eclipse.tycho.core.resolver.DefaultTychoResolver.resolveProject(DefaultTychoResolver.java:117)
	at org.eclipse.tycho.core.maven.TychoMavenLifecycleParticipant.afterProjectsRead(TychoMavenLifecycleParticipant.java:95)
	... 14 more
Caused by: org.eclipse.tycho.p2.util.resolution.ResolverException: See log for details
	at org.eclipse.tycho.p2.util.resolution.ProjectorResolutionStrategy.resolve(ProjectorResolutionStrategy.java:88)
	at org.eclipse.tycho.p2.util.resolution.AbstractResolutionStrategy.resolve(AbstractResolutionStrategy.java:42)
	at org.eclipse.tycho.p2.resolver.P2ResolverImpl.resolveDependencies(P2ResolverImpl.java:195)
	... 19 more
[ERROR] 
[ERROR] Re-run Maven using the -X switch to enable full debug logging.
[ERROR] 
[ERROR] For more information about the errors and possible solutions, please read the following articles:
[ERROR] [Help 1] http://cwiki.apache.org/confluence/display/MAVEN/MavenExecutionException
