[INFO] Error stacktraces are turned on.
[INFO] Scanning for projects...
[INFO] ------------------------------------------------------------------------
[INFO] BUILD FAILURE
[INFO] ------------------------------------------------------------------------
[INFO] Total time: 0.076 s
[INFO] Finished at: 2016-09-05T16:24:04+02:00
[INFO] Final Memory: 8M/222M
[INFO] ------------------------------------------------------------------------
[WARNING] The requested profile "ignore_CI_repositories" could not be activated because it does not exist.
[ERROR] The goal you specified requires a project to execute but there is no POM in this directory (/home/ebousse/git/gemoc-gits/gemoc-studio-compilation/coordination/bcool). Please verify you invoked Maven from the correct directory. -> [Help 1]
org.apache.maven.lifecycle.MissingProjectException: The goal you specified requires a project to execute but there is no POM in this directory (/home/ebousse/git/gemoc-gits/gemoc-studio-compilation/coordination/bcool). Please verify you invoked Maven from the correct directory.
	at org.apache.maven.lifecycle.internal.LifecycleStarter.execute(LifecycleStarter.java:85)
	at org.apache.maven.DefaultMaven.doExecute(DefaultMaven.java:307)
	at org.apache.maven.DefaultMaven.doExecute(DefaultMaven.java:193)
	at org.apache.maven.DefaultMaven.execute(DefaultMaven.java:106)
	at org.apache.maven.cli.MavenCli.execute(MavenCli.java:863)
	at org.apache.maven.cli.MavenCli.doMain(MavenCli.java:288)
	at org.apache.maven.cli.MavenCli.main(MavenCli.java:199)
	at sun.reflect.NativeMethodAccessorImpl.invoke0(Native Method)
	at sun.reflect.NativeMethodAccessorImpl.invoke(NativeMethodAccessorImpl.java:62)
	at sun.reflect.DelegatingMethodAccessorImpl.invoke(DelegatingMethodAccessorImpl.java:43)
	at java.lang.reflect.Method.invoke(Method.java:498)
	at org.codehaus.plexus.classworlds.launcher.Launcher.launchEnhanced(Launcher.java:289)
	at org.codehaus.plexus.classworlds.launcher.Launcher.launch(Launcher.java:229)
	at org.codehaus.plexus.classworlds.launcher.Launcher.mainWithExitCode(Launcher.java:415)
	at org.codehaus.plexus.classworlds.launcher.Launcher.main(Launcher.java:356)
[ERROR] 
[ERROR] Re-run Maven using the -X switch to enable full debug logging.
[ERROR] 
[ERROR] For more information about the errors and possible solutions, please read the following articles:
[ERROR] [Help 1] http://cwiki.apache.org/confluence/display/MAVEN/MissingProjectException
